Using pre-set license
Built from '2021.1/staging' branch; Version is '2021.1.5f1 (3737af19df53) revision 3618735'; Using compiler version '192528614'; Build Type 'Release'
OS: 'Windows 10 Pro; OS build 19042.1288; Version 2009; 64bit' Language: 'en' Physical Memory: 16334 MB
BatchMode: 1, IsHumanControllingUs: 0, StartBugReporterOnCrash: 0, Is64bit: 1, IsPro: 0

 COMMAND LINE ARGUMENTS:
E:\_Launchers --l\Unity\2021.1.5f1\Editor\Unity.exe
-adb2
-batchMode
-noUpm
-name
AssetImportWorker0
-projectPath
G:/#GitHub Repos/Ballean/#Files/Unity/Ballean v0.5
-logFile
Logs/AssetImportWorker0.log
-srvPort
49431
Successfully changed project path to: G:/#GitHub Repos/Ballean/#Files/Unity/Ballean v0.5
G:/#GitHub Repos/Ballean/#Files/Unity/Ballean v0.5
Using Asset Import Pipeline V2.
Refreshing native plugins compatible for Editor in 118.14 ms, found 2 plugins.
Preloading 0 native plugins for Editor in 0.00 ms.
Initialize engine version: 2021.1.5f1 (3737af19df53)
[Subsystems] Discovering subsystems at path E:/_Launchers --l/Unity/2021.1.5f1/Editor/Data/Resources/UnitySubsystems
[Subsystems] Discovering subsystems at path G:/#GitHub Repos/Ballean/#Files/Unity/Ballean v0.5/Assets
GfxDevice: creating device client; threaded=0; jobified=0
Direct3D:
    Version:  Direct3D 11.0 [level 11.1]
    Renderer: NVIDIA GeForce GTX 1060 6GB (ID=0x1c03)
    Vendor:   NVIDIA
    VRAM:     6052 MB
    Driver:   30.0.14.7141
Initialize mono
Mono path[0] = 'E:/_Launchers --l/Unity/2021.1.5f1/Editor/Data/Managed'
Mono path[1] = 'E:/_Launchers --l/Unity/2021.1.5f1/Editor/Data/MonoBleedingEdge/lib/mono/unityjit'
Mono config path = 'E:/_Launchers --l/Unity/2021.1.5f1/Editor/Data/MonoBleedingEdge/etc'
Using monoOptions --debugger-agent=transport=dt_socket,embedding=1,server=y,suspend=n,address=127.0.0.1:56724
Begin MonoManager ReloadAssembly
Registering precompiled unity dll's ...
Register platform support module: E:/_Launchers --l/Unity/2021.1.5f1/Editor/Data/PlaybackEngines/WindowsStandaloneSupport/UnityEditor.WindowsStandalone.Extensions.dll
Registered in 0.001409 seconds.
Native extension for WindowsStandalone target not found
Refreshing native plugins compatible for Editor in 119.80 ms, found 2 plugins.
Preloading 0 native plugins for Editor in 0.00 ms.
Mono: successfully reloaded assembly
- Completed reload, in  1.257 seconds
Platform modules already initialized, skipping
Registering precompiled user dll's ...
Registered in 0.003100 seconds.
Begin MonoManager ReloadAssembly
Native extension for WindowsStandalone target not found
Refreshing native plugins compatible for Editor in 180.46 ms, found 2 plugins.
Preloading 0 native plugins for Editor in 0.00 ms.
Mono: successfully reloaded assembly
- Completed reload, in  1.564 seconds
Platform modules already initialized, skipping
========================================================================
Worker process is ready to serve import requests
Launched and connected shader compiler UnityShaderCompiler.exe after 0.06 seconds
Refreshing native plugins compatible for Editor in 1.27 ms, found 2 plugins.
Preloading 0 native plugins for Editor in 0.00 ms.
Unloading 3385 Unused Serialized files (Serialized files now loaded: 0)
System memory in use before: 128.2 MB.
System memory in use after: 128.3 MB.

Unloading 29 unused Assets to reduce memory usage. Loaded Objects now: 3838.
Total: 2.937000 ms (FindLiveObjects: 0.367100 ms CreateObjectMapping: 0.091000 ms MarkObjects: 2.320300 ms  DeleteObjects: 0.157000 ms)

========================================================================
Received Import Request.
  path: Assets/v0.2/Scripts/LevelController.cs
  artifactKey: Guid(c3c02242c790591438fd0473a008186a) Importer(815301076,1909f56bfc062723c751e8b465ee728b)
Start importing Assets/v0.2/Scripts/LevelController.cs using Guid(c3c02242c790591438fd0473a008186a) Importer(815301076,1909f56bfc062723c751e8b465ee728b)  -> (artifact id: 'f523723a303474998b34aad1cd4a3956') in 0.046077 seconds 
========================================================================
Received Prepare
Registering precompiled user dll's ...
Registered in 0.005407 seconds.
Begin MonoManager ReloadAssembly
Native extension for WindowsStandalone target not found
Refreshing native plugins compatible for Editor in 1.14 ms, found 2 plugins.
Preloading 0 native plugins for Editor in 0.00 ms.
Mono: successfully reloaded assembly
- Completed reload, in  1.170 seconds
Platform modules already initialized, skipping
Refreshing native plugins compatible for Editor in 1.03 ms, found 2 plugins.
Preloading 0 native plugins for Editor in 0.00 ms.
Unloading 3380 Unused Serialized files (Serialized files now loaded: 0)
System memory in use before: 128.2 MB.
System memory in use after: 128.3 MB.

Unloading 17 unused Assets to reduce memory usage. Loaded Objects now: 3842.
Total: 2.900800 ms (FindLiveObjects: 0.361300 ms CreateObjectMapping: 0.090100 ms MarkObjects: 2.331700 ms  DeleteObjects: 0.115600 ms)

========================================================================
Received Import Request.
  Time since last request: 156.747910 seconds.
  path: Assets/v0.2/Scripts/LevelController.cs
  artifactKey: Guid(c3c02242c790591438fd0473a008186a) Importer(815301076,1909f56bfc062723c751e8b465ee728b)
Start importing Assets/v0.2/Scripts/LevelController.cs using Guid(c3c02242c790591438fd0473a008186a) Importer(815301076,1909f56bfc062723c751e8b465ee728b)  -> (artifact id: 'f0088e1c5f3a069ecdecdd3e0b5c6f2b') in 0.007841 seconds 
========================================================================
Received Import Request.
  Time since last request: 1429.635679 seconds.
  path: Assets/v0.2/Scripts/LevelController.cs
  artifactKey: Guid(c3c02242c790591438fd0473a008186a) Importer(815301076,1909f56bfc062723c751e8b465ee728b)
Start importing Assets/v0.2/Scripts/LevelController.cs using Guid(c3c02242c790591438fd0473a008186a) Importer(815301076,1909f56bfc062723c751e8b465ee728b)  -> (artifact id: '5737027179d56a14d9a8318d992fdf02') in 0.004313 seconds 
========================================================================
Received Import Request.
  Time since last request: 781.834829 seconds.
  path: Assets/v0.2/Scripts/LevelController.cs
  artifactKey: Guid(c3c02242c790591438fd0473a008186a) Importer(815301076,1909f56bfc062723c751e8b465ee728b)
Start importing Assets/v0.2/Scripts/LevelController.cs using Guid(c3c02242c790591438fd0473a008186a) Importer(815301076,1909f56bfc062723c751e8b465ee728b)  -> (artifact id: 'eb59b2c9f2d80d5a7dd4fe1857eb4a15') in 0.002490 seconds 
========================================================================
Received Import Request.
  Time since last request: 40549.622576 seconds.
  path: Assets/v0.2/Scripts/LevelController.cs
  artifactKey: Guid(c3c02242c790591438fd0473a008186a) Importer(815301076,1909f56bfc062723c751e8b465ee728b)
Start importing Assets/v0.2/Scripts/LevelController.cs using Guid(c3c02242c790591438fd0473a008186a) Importer(815301076,1909f56bfc062723c751e8b465ee728b)  -> (artifact id: 'edd388eb36c08e9b0ff53baa0357f6ac') in 0.014904 seconds 
AssetImportWorkerClient::OnTransportError - code=2 error=End of file
